<?xml version="1.0" encoding="UTF-8"?>
<!-- Generated by org.testng.reporters.JUnitXMLReporter -->
<testsuite ignored="0" hostname="DESKTOP-4MOFQND" failures="0" tests="5" name="Default test" time="0.05" errors="0" timestamp="2023-09-04T08:50:09 EEST">
  <testcase classname="com.videoslots.tasks.TaskOneTest" name="test1TaskOne" time="0.01"/>
  <testcase classname="com.videoslots.tasks.TaskOneTest" name="test2TaskOne" time="0.001"/>
  <testcase classname="com.videoslots.tasks.TaskOneTest" name="test3TaskOne" time="0.001"/>
  <testcase classname="com.videoslots.tasks.TaskOneTest" name="test4TaskOne" time="0.001"/>
  <testcase classname="com.videoslots.tasks.TaskOneTest" name="test5TaskOne" time="0.002"/>
</testsuite> <!-- Default test -->
